* This is the StructMobWeight report file that is output every time the server starts.
* 
* Spawn Balance Utility (SBU) will use this file ONLY if it is renamed to StructMobWeight.csv.
* Lines starting with '*' are comments and ignored
* It allows you to add and remove mobs and adjust their spawnweights for Structures
* like shipwrecks, nether fortresses, water monuments, etc.
* 
1, faded_conquest_2:abandoned_lab, HEADING, header:ignore, 0, 0, 0
2, dungeons_arise:abandoned_temple, HEADING, header:ignore, 0, 0, 0
3, dungeons_arise:abandoned_temple, MONSTER, minecraft:stray, 10, 1, 1
4, faded_conquest_2:abyss_tree, HEADING, header:ignore, 0, 0, 0
5, faded_conquest_2:abysstree_3, HEADING, header:ignore, 0, 0, 0
6, faded_conquest_2:abysstree_4, HEADING, header:ignore, 0, 0, 0
7, faded_conquest_2:abysstree_8, HEADING, header:ignore, 0, 0, 0
8, faded_conquest_2:abystree_2, HEADING, header:ignore, 0, 0, 0
9, faded_conquest_2:aero_guardian_temple, HEADING, header:ignore, 0, 0, 0
10, minecraft:ancient_city, HEADING, header:ignore, 0, 0, 0
11, spawn:ant_mount, HEADING, header:ignore, 0, 0, 0
12, dungeons_arise:aviary, HEADING, header:ignore, 0, 0, 0
13, dungeons_arise:aviary, MONSTER, minecraft:phantom, 60, 2, 3
14, dungeons_arise:bandit_towers, HEADING, header:ignore, 0, 0, 0
15, dungeons_arise:bandit_village, HEADING, header:ignore, 0, 0, 0
16, minecraft:bastion_remnant, HEADING, header:ignore, 0, 0, 0
17, dungeons_arise:bathhouse, HEADING, header:ignore, 0, 0, 0
18, tameablebeasts:beetle_nest, HEADING, header:ignore, 0, 0, 0
19, tameablebeasts:beetle_nest, CREATURE, tameablebeasts:tameable_beetle, 10, 1, 2
20, tameablebeasts:beetle_nest, CREATURE, tameablebeasts:ground_beetle, 10, 1, 2
21, minecraft:buried_treasure, HEADING, header:ignore, 0, 0, 0
22, dungeons_arise:ceryneian_hind, HEADING, header:ignore, 0, 0, 0
23, spawn:cold_island, HEADING, header:ignore, 0, 0, 0
24, dungeons_arise:coliseum, HEADING, header:ignore, 0, 0, 0
25, minecraft:desert_pyramid, HEADING, header:ignore, 0, 0, 0
26, spawn:dodo_island, HEADING, header:ignore, 0, 0, 0
27, block_factorys_bosses:dragon_tower, HEADING, header:ignore, 0, 0, 0
28, minecraft:end_city, HEADING, header:ignore, 0, 0, 0
29, minecraft:end_city, MONSTER, alexsmobs:mimicube, 40, 1, 3
30, towns_and_towers:exclusives/pillager_outpost_classic, HEADING, header:ignore, 0, 0, 0
31, towns_and_towers:exclusives/pillager_outpost_classic, MONSTER, minecraft:pillager, 10, 1, 2
32, towns_and_towers:exclusives/pillager_outpost_iberian, HEADING, header:ignore, 0, 0, 0
33, towns_and_towers:exclusives/pillager_outpost_iberian, MONSTER, minecraft:pillager, 10, 1, 2
34, towns_and_towers:exclusives/pillager_outpost_mediterranean, HEADING, header:ignore, 0, 0, 0
35, towns_and_towers:exclusives/pillager_outpost_mediterranean, MONSTER, minecraft:pillager, 10, 1, 2
36, towns_and_towers:exclusives/pillager_outpost_oriental, HEADING, header:ignore, 0, 0, 0
37, towns_and_towers:exclusives/pillager_outpost_oriental, MONSTER, minecraft:pillager, 10, 1, 2
38, towns_and_towers:exclusives/pillager_outpost_rustic, HEADING, header:ignore, 0, 0, 0
39, towns_and_towers:exclusives/pillager_outpost_rustic, MONSTER, minecraft:pillager, 10, 1, 2
40, towns_and_towers:exclusives/pillager_outpost_swedish, HEADING, header:ignore, 0, 0, 0
41, towns_and_towers:exclusives/pillager_outpost_swedish, MONSTER, minecraft:pillager, 10, 1, 2
42, towns_and_towers:exclusives/pillager_outpost_tudor, HEADING, header:ignore, 0, 0, 0
43, towns_and_towers:exclusives/pillager_outpost_tudor, MONSTER, minecraft:pillager, 10, 1, 2
44, towns_and_towers:exclusives/village_classic, HEADING, header:ignore, 0, 0, 0
45, towns_and_towers:exclusives/village_iberian, HEADING, header:ignore, 0, 0, 0
46, towns_and_towers:exclusives/village_mediterranean, HEADING, header:ignore, 0, 0, 0
47, towns_and_towers:exclusives/village_nilotic, HEADING, header:ignore, 0, 0, 0
48, towns_and_towers:exclusives/village_piglin, HEADING, header:ignore, 0, 0, 0
49, towns_and_towers:exclusives/village_piglin, MONSTER, minecraft:piglin, 10, 6, 8
50, towns_and_towers:exclusives/village_piglin, MONSTER, minecraft:piglin_brute, 10, 2, 3
51, towns_and_towers:exclusives/village_rustic, HEADING, header:ignore, 0, 0, 0
52, towns_and_towers:exclusives/village_swedish, HEADING, header:ignore, 0, 0, 0
53, towns_and_towers:exclusives/village_tudor, HEADING, header:ignore, 0, 0, 0
54, towns_and_towers:exclusives/village_wandering_trader_camp, HEADING, header:ignore, 0, 0, 0
55, faded_conquest_2:fc_battleroom, HEADING, header:ignore, 0, 0, 0
56, dungeons_arise:fishing_hut, HEADING, header:ignore, 0, 0, 0
57, betterfortresses:fortress, HEADING, header:ignore, 0, 0, 0
58, betterfortresses:fortress, MONSTER, minecraft:blaze, 10, 2, 3
59, betterfortresses:fortress, MONSTER, minecraft:zombified_piglin, 10, 4, 4
60, betterfortresses:fortress, MONSTER, minecraft:wither_skeleton, 10, 5, 5
61, betterfortresses:fortress, MONSTER, minecraft:skeleton, 10, 5, 5
62, betterfortresses:fortress, MONSTER, minecraft:magma_cube, 10, 4, 4
63, minecraft:fortress, HEADING, header:ignore, 0, 0, 0
64, minecraft:fortress, MONSTER, minecraft:blaze, 10, 2, 3
65, minecraft:fortress, MONSTER, minecraft:zombified_piglin, 10, 4, 4
66, minecraft:fortress, MONSTER, minecraft:wither_skeleton, 10, 5, 5
67, minecraft:fortress, MONSTER, minecraft:skeleton, 10, 5, 5
68, minecraft:fortress, MONSTER, minecraft:magma_cube, 10, 4, 4
69, dungeons_arise:foundry, HEADING, header:ignore, 0, 0, 0
70, mowziesmobs:frostmaw_spawn, HEADING, header:ignore, 0, 0, 0
71, tameablebeasts:gecko_nest, HEADING, header:ignore, 0, 0, 0
72, tameablebeasts:gecko_nest, CREATURE, tameablebeasts:crested_gecko, 10, 1, 2
73, dungeons_arise:giant_mushroom, HEADING, header:ignore, 0, 0, 0
74, dungeons_arise:greenwood_pub, HEADING, header:ignore, 0, 0, 0
75, dungeons_arise:heavenly_challenger, HEADING, header:ignore, 0, 0, 0
76, dungeons_arise:heavenly_conqueror, HEADING, header:ignore, 0, 0, 0
77, dungeons_arise:heavenly_rider, HEADING, header:ignore, 0, 0, 0
78, faded_conquest_2:heiroglyph, HEADING, header:ignore, 0, 0, 0
79, minecraft:igloo, HEADING, header:ignore, 0, 0, 0
80, dungeons_arise:illager_campsite, HEADING, header:ignore, 0, 0, 0
81, dungeons_arise:illager_corsair, HEADING, header:ignore, 0, 0, 0
82, dungeons_arise:illager_fort, HEADING, header:ignore, 0, 0, 0
83, dungeons_arise:illager_galley, HEADING, header:ignore, 0, 0, 0
84, dungeons_arise:illager_windmill, HEADING, header:ignore, 0, 0, 0
85, dungeons_arise:infested_temple, HEADING, header:ignore, 0, 0, 0
86, minecraft:jungle_pyramid, HEADING, header:ignore, 0, 0, 0
87, dungeons_arise:jungle_tree_house, HEADING, header:ignore, 0, 0, 0
88, dungeons_arise:keep_kayra, HEADING, header:ignore, 0, 0, 0
89, faded_conquest_2:knightbattleground, HEADING, header:ignore, 0, 0, 0
90, watching:leafless_grove, HEADING, header:ignore, 0, 0, 0
91, faded_conquest_2:lich_tower, HEADING, header:ignore, 0, 0, 0
92, dungeons_arise:lighthouse, HEADING, header:ignore, 0, 0, 0
93, watching:logless_tree/acacia, HEADING, header:ignore, 0, 0, 0
94, watching:logless_tree/birch, HEADING, header:ignore, 0, 0, 0
95, watching:logless_tree/oak, HEADING, header:ignore, 0, 0, 0
96, watching:logless_tree/spruce, HEADING, header:ignore, 0, 0, 0
97, minecraft:mansion, HEADING, header:ignore, 0, 0, 0
98, dungeons_arise:mechanical_nest, HEADING, header:ignore, 0, 0, 0
99, dungeons_arise:merchant_campsite, HEADING, header:ignore, 0, 0, 0
100, towns_and_towers:mimic_desert, HEADING, header:ignore, 0, 0, 0
101, minecraft:mineshaft, HEADING, header:ignore, 0, 0, 0
102, minecraft:mineshaft, AMBIENT, alexsmobs:underminer, 50, 1, 1
103, minecraft:mineshaft_mesa, HEADING, header:ignore, 0, 0, 0
104, minecraft:mineshaft_mesa, AMBIENT, alexsmobs:underminer, 50, 1, 1
105, dungeons_arise:mining_system, HEADING, header:ignore, 0, 0, 0
106, faded_conquest_2:mirrorrealmvoid, HEADING, header:ignore, 0, 0, 0
107, dungeons_arise:monastery, HEADING, header:ignore, 0, 0, 0
108, mowziesmobs:monastery, HEADING, header:ignore, 0, 0, 0
109, mowziesmobs:monastery, MONSTER, mowziesmobs:bluff, 80, 1, 2
110, minecraft:monument, HEADING, header:ignore, 0, 0, 0
111, minecraft:monument, MONSTER, minecraft:guardian, 10, 2, 4
112, watching:mossy_pyramid, HEADING, header:ignore, 0, 0, 0
113, dungeons_arise:mushroom_house, HEADING, header:ignore, 0, 0, 0
114, dungeons_arise:mushroom_mines, HEADING, header:ignore, 0, 0, 0
115, dungeons_arise:mushroom_village, HEADING, header:ignore, 0, 0, 0
116, minecraft:nether_fossil, HEADING, header:ignore, 0, 0, 0
117, minecraft:nether_fossil, MONSTER, alexsmobs:soul_vulture, 30, 1, 1
118, paraglider:nether_horned_statue, HEADING, header:ignore, 0, 0, 0
119, minecraft:ocean_ruin_cold, HEADING, header:ignore, 0, 0, 0
120, minecraft:ocean_ruin_warm, HEADING, header:ignore, 0, 0, 0
121, watching:ocean_sand_pyramid, HEADING, header:ignore, 0, 0, 0
122, spawn:octopolis, HEADING, header:ignore, 0, 0, 0
123, minecraft:pillager_outpost, HEADING, header:ignore, 0, 0, 0
124, minecraft:pillager_outpost, MONSTER, minecraft:pillager, 10, 1, 1
125, towns_and_towers:pillager_outpost_badlands, HEADING, header:ignore, 0, 0, 0
126, towns_and_towers:pillager_outpost_badlands, MONSTER, minecraft:pillager, 10, 1, 2
127, towns_and_towers:pillager_outpost_beach, HEADING, header:ignore, 0, 0, 0
128, towns_and_towers:pillager_outpost_beach, MONSTER, minecraft:pillager, 10, 1, 2
129, towns_and_towers:pillager_outpost_birch_forest, HEADING, header:ignore, 0, 0, 0
130, towns_and_towers:pillager_outpost_birch_forest, MONSTER, minecraft:pillager, 10, 1, 2
131, towns_and_towers:pillager_outpost_desert, HEADING, header:ignore, 0, 0, 0
132, towns_and_towers:pillager_outpost_desert, MONSTER, minecraft:pillager, 10, 1, 2
133, towns_and_towers:pillager_outpost_flower_forest, HEADING, header:ignore, 0, 0, 0
134, towns_and_towers:pillager_outpost_flower_forest, MONSTER, minecraft:pillager, 10, 1, 2
135, towns_and_towers:pillager_outpost_forest, HEADING, header:ignore, 0, 0, 0
136, towns_and_towers:pillager_outpost_forest, MONSTER, minecraft:pillager, 10, 1, 2
137, towns_and_towers:pillager_outpost_grove, HEADING, header:ignore, 0, 0, 0
138, towns_and_towers:pillager_outpost_grove, MONSTER, minecraft:pillager, 10, 1, 2
139, towns_and_towers:pillager_outpost_jungle, HEADING, header:ignore, 0, 0, 0
140, towns_and_towers:pillager_outpost_jungle, MONSTER, minecraft:pillager, 10, 1, 2
141, towns_and_towers:pillager_outpost_meadow, HEADING, header:ignore, 0, 0, 0
142, towns_and_towers:pillager_outpost_meadow, MONSTER, minecraft:pillager, 10, 1, 2
143, towns_and_towers:pillager_outpost_mushroom_fields, HEADING, header:ignore, 0, 0, 0
144, towns_and_towers:pillager_outpost_ocean, HEADING, header:ignore, 0, 0, 0
145, towns_and_towers:pillager_outpost_ocean, MONSTER, minecraft:pillager, 10, 1, 2
146, towns_and_towers:pillager_outpost_old_growth_taiga, HEADING, header:ignore, 0, 0, 0
147, towns_and_towers:pillager_outpost_old_growth_taiga, MONSTER, minecraft:pillager, 10, 1, 2
148, towns_and_towers:pillager_outpost_savanna, HEADING, header:ignore, 0, 0, 0
149, towns_and_towers:pillager_outpost_savanna, MONSTER, minecraft:pillager, 10, 1, 2
150, towns_and_towers:pillager_outpost_savanna_plateau, HEADING, header:ignore, 0, 0, 0
151, towns_and_towers:pillager_outpost_savanna_plateau, MONSTER, minecraft:pillager, 10, 1, 2
152, towns_and_towers:pillager_outpost_snowy_beach, HEADING, header:ignore, 0, 0, 0
153, towns_and_towers:pillager_outpost_snowy_beach, MONSTER, minecraft:pillager, 10, 1, 2
154, towns_and_towers:pillager_outpost_snowy_plains, HEADING, header:ignore, 0, 0, 0
155, towns_and_towers:pillager_outpost_snowy_plains, MONSTER, minecraft:pillager, 10, 1, 2
156, towns_and_towers:pillager_outpost_snowy_slopes, HEADING, header:ignore, 0, 0, 0
157, towns_and_towers:pillager_outpost_snowy_slopes, MONSTER, minecraft:pillager, 10, 1, 2
158, towns_and_towers:pillager_outpost_snowy_taiga, HEADING, header:ignore, 0, 0, 0
159, towns_and_towers:pillager_outpost_snowy_taiga, MONSTER, minecraft:pillager, 10, 1, 2
160, towns_and_towers:pillager_outpost_sparse_jungle, HEADING, header:ignore, 0, 0, 0
161, towns_and_towers:pillager_outpost_sparse_jungle, MONSTER, minecraft:pillager, 10, 1, 2
162, towns_and_towers:pillager_outpost_sunflower_plains, HEADING, header:ignore, 0, 0, 0
163, towns_and_towers:pillager_outpost_sunflower_plains, MONSTER, minecraft:pillager, 10, 1, 2
164, towns_and_towers:pillager_outpost_swamp, HEADING, header:ignore, 0, 0, 0
165, towns_and_towers:pillager_outpost_swamp, MONSTER, minecraft:pillager, 10, 1, 2
166, towns_and_towers:pillager_outpost_taiga, HEADING, header:ignore, 0, 0, 0
167, towns_and_towers:pillager_outpost_taiga, MONSTER, minecraft:pillager, 10, 1, 2
168, towns_and_towers:pillager_outpost_wooded_badlands, HEADING, header:ignore, 0, 0, 0
169, towns_and_towers:pillager_outpost_wooded_badlands, MONSTER, minecraft:pillager, 10, 1, 2
170, dungeons_arise:plague_asylum, HEADING, header:ignore, 0, 0, 0
171, watching:redstone_torch_trail, HEADING, header:ignore, 0, 0, 0
172, ribbits:ribbit_village, HEADING, header:ignore, 0, 0, 0
173, tameablebeasts:roly_nest, HEADING, header:ignore, 0, 0, 0
174, tameablebeasts:roly_nest, CREATURE, tameablebeasts:giant_roly_poly, 10, 1, 2
175, faded_conquest_2:ruin_1, HEADING, header:ignore, 0, 0, 0
176, faded_conquest_2:ruin_2, HEADING, header:ignore, 0, 0, 0
177, faded_conquest_2:ruin_3, HEADING, header:ignore, 0, 0, 0
178, faded_conquest_2:ruin_4, HEADING, header:ignore, 0, 0, 0
179, minecraft:ruined_portal, HEADING, header:ignore, 0, 0, 0
180, minecraft:ruined_portal_desert, HEADING, header:ignore, 0, 0, 0
181, minecraft:ruined_portal_jungle, HEADING, header:ignore, 0, 0, 0
182, minecraft:ruined_portal_mountain, HEADING, header:ignore, 0, 0, 0
183, minecraft:ruined_portal_nether, HEADING, header:ignore, 0, 0, 0
184, minecraft:ruined_portal_ocean, HEADING, header:ignore, 0, 0, 0
185, minecraft:ruined_portal_swamp, HEADING, header:ignore, 0, 0, 0
186, watching:sand_pyramid, HEADING, header:ignore, 0, 0, 0
187, block_factorys_bosses:sandworm_nest, HEADING, header:ignore, 0, 0, 0
188, spawn:sandy_island, HEADING, header:ignore, 0, 0, 0
189, dungeons_arise:scorched_mines, HEADING, header:ignore, 0, 0, 0
190, minecraft:shipwreck, HEADING, header:ignore, 0, 0, 0
191, minecraft:shipwreck, MONSTER, alexsmobs:skelewag, 15, 1, 2
192, minecraft:shipwreck_beached, HEADING, header:ignore, 0, 0, 0
193, dungeons_arise:shiraz_palace, HEADING, header:ignore, 0, 0, 0
194, dungeons_arise:small_blimp, HEADING, header:ignore, 0, 0, 0
195, dungeons_arise:small_prairie_house, HEADING, header:ignore, 0, 0, 0
196, faded_conquest_2:spire, HEADING, header:ignore, 0, 0, 0
197, faded_conquest_2:spire_2, HEADING, header:ignore, 0, 0, 0
198, faded_conquest_2:spire_3, HEADING, header:ignore, 0, 0, 0
199, minecraft:stronghold, HEADING, header:ignore, 0, 0, 0
200, minecraft:swamp_hut, HEADING, header:ignore, 0, 0, 0
201, minecraft:swamp_hut, MONSTER, minecraft:witch, 10, 1, 1
202, minecraft:swamp_hut, CREATURE, minecraft:cat, 10, 1, 1
203, paraglider:tarrey_town_goddess_statue, HEADING, header:ignore, 0, 0, 0
204, dungeons_arise:thornborn_towers, HEADING, header:ignore, 0, 0, 0
205, spawn:tide_pool, HEADING, header:ignore, 0, 0, 0
206, watching:torch_cave, HEADING, header:ignore, 0, 0, 0
207, watching:torch_tunnel/1x2/torchless_tunnel, HEADING, header:ignore, 0, 0, 0
208, watching:torch_tunnel/1x2/tunnel, HEADING, header:ignore, 0, 0, 0
209, watching:torch_tunnel/2x2_tunnel, HEADING, header:ignore, 0, 0, 0
210, minecraft:trail_ruins, HEADING, header:ignore, 0, 0, 0
211, spawn:tropical_island, HEADING, header:ignore, 0, 0, 0
212, dungeons_arise:typhon, HEADING, header:ignore, 0, 0, 0
213, mowziesmobs:umvuthana_grove, HEADING, header:ignore, 0, 0, 0
214, dungeons_arise:undead_pirate_ship, HEADING, header:ignore, 0, 0, 0
215, paraglider:underground_horned_statue, HEADING, header:ignore, 0, 0, 0
216, block_factorys_bosses:underworld_arena, HEADING, header:ignore, 0, 0, 0
217, block_factorys_bosses:underworld_arena, MONSTER, block_factorys_bosses:soul_skeleton, 10, 1, 3
218, block_factorys_bosses:underworld_arena, MONSTER, block_factorys_bosses:soul_knight_wither_skeleton, 10, 1, 3
219, towns_and_towers:village_badlands, HEADING, header:ignore, 0, 0, 0
220, towns_and_towers:village_beach, HEADING, header:ignore, 0, 0, 0
221, towns_and_towers:village_birch_forest, HEADING, header:ignore, 0, 0, 0
222, minecraft:village_desert, HEADING, header:ignore, 0, 0, 0
223, towns_and_towers:village_flower_forest, HEADING, header:ignore, 0, 0, 0
224, towns_and_towers:village_forest, HEADING, header:ignore, 0, 0, 0
225, towns_and_towers:village_grove, HEADING, header:ignore, 0, 0, 0
226, towns_and_towers:village_jungle, HEADING, header:ignore, 0, 0, 0
227, towns_and_towers:village_meadow, HEADING, header:ignore, 0, 0, 0
228, towns_and_towers:village_mushroom_fields, HEADING, header:ignore, 0, 0, 0
229, towns_and_towers:village_ocean, HEADING, header:ignore, 0, 0, 0
230, towns_and_towers:village_old_growth_taiga, HEADING, header:ignore, 0, 0, 0
231, minecraft:village_plains, HEADING, header:ignore, 0, 0, 0
232, minecraft:village_savanna, HEADING, header:ignore, 0, 0, 0
233, towns_and_towers:village_savanna_plateau, HEADING, header:ignore, 0, 0, 0
234, minecraft:village_snowy, HEADING, header:ignore, 0, 0, 0
235, towns_and_towers:village_snowy_slopes, HEADING, header:ignore, 0, 0, 0
236, towns_and_towers:village_snowy_taiga, HEADING, header:ignore, 0, 0, 0
237, towns_and_towers:village_sparse_jungle, HEADING, header:ignore, 0, 0, 0
238, towns_and_towers:village_sunflower_plains, HEADING, header:ignore, 0, 0, 0
239, towns_and_towers:village_swamp, HEADING, header:ignore, 0, 0, 0
240, minecraft:village_taiga, HEADING, header:ignore, 0, 0, 0
241, towns_and_towers:village_wooded_badlands, HEADING, header:ignore, 0, 0, 0
242, spawn:volcanic_island, HEADING, header:ignore, 0, 0, 0
243, dungeons_arise:wishing_well, HEADING, header:ignore, 0, 0, 0
244, towns_and_towers:wreckage_ocean, HEADING, header:ignore, 0, 0, 0
245, mowziesmobs:wrought_chamber, HEADING, header:ignore, 0, 0, 0
246, block_factorys_bosses:yeti_hideout, HEADING, header:ignore, 0, 0, 0
